<?xml version="1.0" encoding="UTF-8"?>

<beans xmlns="http://www.springframework.org/schema/beans"
       xmlns:xsi="http://www.w3.org/2001/XMLSchema-instance"
       xmlns:jdbc="http://www.springframework.org/schema/jdbc"
       xmlns:context="http://www.springframework.org/schema/context"
       xsi:schemaLocation="http://www.springframework.org/schema/beans
                 http://www.springframework.org/schema/beans/spring-beans-2.0.xsd
                 http://www.springframework.org/schema/jdbc
                 http://www.springframework.org/schema/jdbc/spring-jdbc-3.0.xsd http://www.springframework.org/schema/context http://www.springframework.org/schema/context/spring-context.xsd">

    <jdbc:embedded-database id="dataSource" type="H2">
        <jdbc:script location="classpath:schema.sql"/>
    </jdbc:embedded-database>

    <!--<start id="bean_sessionFactory" />-->
    <bean id="sessionFactory"
          class="org.springframework.orm.hibernate3.annotation.AnnotationSessionFactoryBean">
        <property name="dataSource" ref="dataSource"/>
        <property name="packagesToScan"
                  value="com.springtutorial.spitter.domain"/>
        <property name="hibernateProperties">
            <props>
                <prop key="dialect">org.hibernate.dialect.H2Dialect</prop>
            </props>
        </property>
    </bean>
    <!--<end id="bean_sessionFactory" />-->

    <!--<start id="bean_exception_translation_post_processor" />-->
    <bean class=
                  "org.springframework.dao.annotation.PersistenceExceptionTranslationPostProcessor"/>
    <!--<end id="bean_exception_translation_post_processor" />-->

    <!--<start id="bean_component_scan" />-->
    <context:component-scan
            base-package="com.springtutorial.spitter.persistence"/>
    <!--<end id="bean_component_scan" /> -->

</beans>
