<?xml version="1.0" encoding="UTF-8"?>

<beans xmlns="http://www.springframework.org/schema/beans"
       xmlns:xsi="http://www.w3.org/2001/XMLSchema-instance"
       xmlns:tx="http://www.springframework.org/schema/tx"
       xsi:schemaLocation="http://www.springframework.org/schema/beans
    http://www.springframework.org/schema/beans/spring-beans-2.0.xsd
		http://www.springframework.org/schema/tx 
      http://www.springframework.org/schema/tx/spring-tx.xsd">

    <import resource="test-dataSource-context.xml"/>

    <bean id="jpaVendorAdapter"
          class="org.springframework.orm.jpa.vendor.HibernateJpaVendorAdapter">
        <property name="database" value="H2"/>
        <property name="showSql" value="true"/>
        <property name="generateDdl" value="false"/>
        <property name="databasePlatform"
                  value="org.hibernate.dialect.H2Dialect"/>
    </bean>

    <bean id="emf" class=
            "org.springframework.orm.jpa.LocalContainerEntityManagerFactoryBean">
        <property name="dataSource" ref="dataSource"/>
        <property name="jpaVendorAdapter" ref="jpaVendorAdapter"/>
    </bean>

    <bean id="txMgr"
          class="org.springframework.orm.jpa.JpaTransactionManager">
        <property name="entityManagerFactory" ref="emf"/>
        <property name="dataSource" ref="dataSource"/>
    </bean>

    <tx:annotation-driven transaction-manager="txMgr"/>
</beans>
